<?xml version="1.0" encoding="UTF-8"?>
<testng-results total="3" passed="3" failed="0" skipped="0">
  <reporter-output>
  </reporter-output>
  <suite started-at="2025-03-11T08:48:18Z" name="Suite" finished-at="2025-03-11T08:48:56Z" duration-ms="38530">
    <groups>
      <group name="cucumber">
        <method signature="AbstractTestNGCucumberTests.runScenario(io.cucumber.testng.PickleWrapper, io.cucumber.testng.FeatureWrapper)[pri:0, instance:testrunners.TestRunner@2d127a61]" name="runScenario" class="io.cucumber.testng.AbstractTestNGCucumberTests"/>
      </group> <!-- cucumber -->
    </groups>
    <test started-at="2025-03-11T08:48:18Z" name="Test" finished-at="2025-03-11T08:48:56Z" duration-ms="38530">
      <class name="testrunners.TestRunner">
        <test-method is-config="true" signature="setUpClass(org.testng.ITestContext)[pri:0, instance:testrunners.TestRunner@2d127a61]" started-at="2025-03-11T01:48:18Z" name="setUpClass" finished-at="2025-03-11T01:48:19Z" duration-ms="1456" status="PASS">
          <params>
            <param index="0">
              <value>
                <![CDATA[org.testng.TestRunner@23648d2d]]>
              </value>
            </param>
          </params>
          <reporter-output>
          </reporter-output>
        </test-method> <!-- setUpClass -->
        <test-method signature="runScenario(io.cucumber.testng.PickleWrapper, io.cucumber.testng.FeatureWrapper)[pri:0, instance:testrunners.TestRunner@2d127a61]" started-at="2025-03-11T01:48:19Z" name="runScenario" description="Runs Cucumber Scenarios" data-provider="scenarios" finished-at="2025-03-11T01:48:35Z" duration-ms="15715" status="PASS">
          <params>
            <param index="0">
              <value>
                <![CDATA["User logs in using credentials from Excel"]]>
              </value>
            </param>
            <param index="1">
              <value>
                <![CDATA["Login with Excel Data"]]>
              </value>
            </param>
          </params>
          <reporter-output>
          </reporter-output>
        </test-method> <!-- runScenario -->
        <test-method signature="runScenario(io.cucumber.testng.PickleWrapper, io.cucumber.testng.FeatureWrapper)[pri:0, instance:testrunners.TestRunner@2d127a61]" started-at="2025-03-11T01:48:35Z" name="runScenario" description="Runs Cucumber Scenarios" data-provider="scenarios" finished-at="2025-03-11T01:48:45Z" duration-ms="9633" status="PASS">
          <params>
            <param index="0">
              <value>
                <![CDATA["Registering a new user"]]>
              </value>
            </param>
            <param index="1">
              <value>
                <![CDATA["User Registration on Demo Web Shop"]]>
              </value>
            </param>
          </params>
          <reporter-output>
          </reporter-output>
        </test-method> <!-- runScenario -->
        <test-method signature="runScenario(io.cucumber.testng.PickleWrapper, io.cucumber.testng.FeatureWrapper)[pri:0, instance:testrunners.TestRunner@2d127a61]" started-at="2025-03-11T01:48:45Z" name="runScenario" description="Runs Cucumber Scenarios" data-provider="scenarios" finished-at="2025-03-11T01:48:56Z" duration-ms="11621" status="PASS">
          <params>
            <param index="0">
              <value>
                <![CDATA["Purchase a Desktop from Demo Web Shop"]]>
              </value>
            </param>
            <param index="1">
              <value>
                <![CDATA["Purchase process on Demo Web Shop"]]>
              </value>
            </param>
          </params>
          <reporter-output>
          </reporter-output>
        </test-method> <!-- runScenario -->
        <test-method is-config="true" signature="tearDownClass()[pri:0, instance:testrunners.TestRunner@2d127a61]" started-at="2025-03-11T01:48:56Z" name="tearDownClass" finished-at="2025-03-11T01:48:56Z" duration-ms="56" status="PASS">
          <reporter-output>
          </reporter-output>
        </test-method> <!-- tearDownClass -->
      </class> <!-- testrunners.TestRunner -->
    </test> <!-- Test -->
  </suite> <!-- Suite -->
</testng-results>
